D:\Assignments\CSTLevel4\Comp 4985\CommAudio\CommAudio\Comm Audio.exe
D:\Assignments\CSTLevel4\Comp 4985\CommAudio\CommAudio\Comm Audio.ilk
D:\Assignments\CSTLevel4\Comp 4985\CommAudio\CommAudio\Comm Audio.pdb
D:\ASSIGNMENTS\CSTLEVEL4\COMP 4985\COMMAUDIO\COMMAUDIO\COMM AUDIO\COMM AUDIO.EXE
D:\ASSIGNMENTS\CSTLEVEL4\COMP 4985\COMMAUDIO\COMMAUDIO\COMM AUDIO\COMM AUDIO.ILK
D:\ASSIGNMENTS\CSTLEVEL4\COMP 4985\COMMAUDIO\COMMAUDIO\COMM AUDIO\COMM AUDIO.PDB
D:\ASSIGNMENTS\CSTLEVEL4\COMP 4985\COMMAUDIO\COMMAUDIO\COMM AUDIO\DEBUG\COMM AUDIO.EXE.INTERMEDIATE.MANIFEST
D:\ASSIGNMENTS\CSTLEVEL4\COMP 4985\COMMAUDIO\COMMAUDIO\COMM AUDIO\DEBUG\MAIN.OBJ
D:\ASSIGNMENTS\CSTLEVEL4\COMP 4985\COMMAUDIO\COMMAUDIO\COMM AUDIO\DEBUG\MAINWINDOW.OBJ
D:\ASSIGNMENTS\CSTLEVEL4\COMP 4985\COMMAUDIO\COMMAUDIO\COMM AUDIO\DEBUG\MOC_MAINWINDOW.OBJ
D:\ASSIGNMENTS\CSTLEVEL4\COMP 4985\COMMAUDIO\COMMAUDIO\COMM AUDIO\DEBUG\QRC_MAINWINDOW.OBJ
D:\ASSIGNMENTS\CSTLEVEL4\COMP 4985\COMMAUDIO\COMMAUDIO\COMM AUDIO\DEBUG\VC100.PDB
D:\ASSIGNMENTS\CSTLEVEL4\COMP 4985\COMMAUDIO\COMMAUDIO\COMM AUDIO\GENERATEDFILES\DEBUG\MOC_MAINWINDOW.CPP
D:\ASSIGNMENTS\CSTLEVEL4\COMP 4985\COMMAUDIO\COMMAUDIO\COMM AUDIO\GENERATEDFILES\QRC_MAINWINDOW.CPP
D:\ASSIGNMENTS\CSTLEVEL4\COMP 4985\COMMAUDIO\COMMAUDIO\COMM AUDIO\GENERATEDFILES\UI_MAINWINDOW.H
D:\Assignments\CSTLevel4\Comp 4985\CommAudio\CommAudio\Debug\cl.command.1.tlog
D:\Assignments\CSTLevel4\Comp 4985\CommAudio\CommAudio\Debug\CL.read.1.tlog
D:\Assignments\CSTLevel4\Comp 4985\CommAudio\CommAudio\Debug\CL.write.1.tlog
D:\Assignments\CSTLevel4\Comp 4985\CommAudio\CommAudio\Debug\Comm Audio.exe.intermediate.manifest
D:\Assignments\CSTLevel4\Comp 4985\CommAudio\CommAudio\Debug\custombuild.command.1.tlog
D:\Assignments\CSTLevel4\Comp 4985\CommAudio\CommAudio\Debug\custombuild.read.1.tlog
D:\Assignments\CSTLevel4\Comp 4985\CommAudio\CommAudio\Debug\custombuild.write.1.tlog
D:\Assignments\CSTLevel4\Comp 4985\CommAudio\CommAudio\Debug\link.command.1.tlog
D:\Assignments\CSTLevel4\Comp 4985\CommAudio\CommAudio\Debug\link.read.1.tlog
D:\Assignments\CSTLevel4\Comp 4985\CommAudio\CommAudio\Debug\link.write.1.tlog
D:\Assignments\CSTLevel4\Comp 4985\CommAudio\CommAudio\Debug\main.obj
D:\Assignments\CSTLevel4\Comp 4985\CommAudio\CommAudio\Debug\mainwindow.obj
D:\Assignments\CSTLevel4\Comp 4985\CommAudio\CommAudio\Debug\moc_mainwindow.obj
D:\Assignments\CSTLevel4\Comp 4985\CommAudio\CommAudio\Debug\mt.command.1.tlog
D:\Assignments\CSTLevel4\Comp 4985\CommAudio\CommAudio\Debug\mt.read.1.tlog
D:\Assignments\CSTLevel4\Comp 4985\CommAudio\CommAudio\Debug\mt.write.1.tlog
D:\Assignments\CSTLevel4\Comp 4985\CommAudio\CommAudio\Debug\qrc_mainwindow.obj
D:\Assignments\CSTLevel4\Comp 4985\CommAudio\CommAudio\Debug\vc100.pdb
